[INFO][2016-09-27 15:35:18,248][org.springframework.test.context.support.DefaultTestContextBootstrapper]Loaded default TestExecutionListener class names from location [META-INF/spring.factories]: [org.springframework.test.context.web.ServletTestExecutionListener, org.springframework.test.context.support.DependencyInjectionTestExecutionListener, org.springframework.test.context.support.DirtiesContextTestExecutionListener, org.springframework.test.context.transaction.TransactionalTestExecutionListener, org.springframework.test.context.jdbc.SqlScriptsTestExecutionListener]
[INFO][2016-09-27 15:35:18,300][org.springframework.test.context.support.DefaultTestContextBootstrapper]Using TestExecutionListeners: [org.springframework.test.context.web.ServletTestExecutionListener@c92575, org.springframework.test.context.support.DependencyInjectionTestExecutionListener@1ba3523, org.springframework.test.context.support.DirtiesContextTestExecutionListener@1f6c937, org.springframework.test.context.transaction.TransactionalTestExecutionListener@114441e, org.springframework.test.context.jdbc.SqlScriptsTestExecutionListener@18425b7]
[INFO][2016-09-27 15:35:18,534][org.springframework.beans.factory.xml.XmlBeanDefinitionReader]Loading XML bean definitions from class path resource [spring/applicationContext-dao.xml]
[INFO][2016-09-27 15:35:18,846][org.springframework.beans.factory.xml.XmlBeanDefinitionReader]Loading XML bean definitions from class path resource [spring/applicationContext-trans.xml]
[INFO][2016-09-27 15:35:18,932][org.springframework.beans.factory.xml.XmlBeanDefinitionReader]Loading XML bean definitions from class path resource [spring/applicationContext-service.xml]
[INFO][2016-09-27 15:35:19,087][org.springframework.context.support.GenericApplicationContext]Refreshing org.springframework.context.support.GenericApplicationContext@315e08: startup date [Tue Sep 27 15:35:19 CST 2016]; root of context hierarchy
[DEBUG][2016-09-27 15:35:19,342][org.mybatis.spring.mapper.ClassPathMapperScanner]Identified candidate component class: file [F:\code\ssm-batch\ssm-batch\target\classes\com\william\batch\dao\BatchExeDefineMapper.class]
[DEBUG][2016-09-27 15:35:19,343][org.mybatis.spring.mapper.ClassPathMapperScanner]Identified candidate component class: file [F:\code\ssm-batch\ssm-batch\target\classes\com\william\batch\dao\BatchJobDefineMapper.class]
[DEBUG][2016-09-27 15:35:19,344][org.mybatis.spring.mapper.ClassPathMapperScanner]Identified candidate component class: file [F:\code\ssm-batch\ssm-batch\target\classes\com\william\batch\dao\BatchManageMapper.class]
[DEBUG][2016-09-27 15:35:19,345][org.mybatis.spring.mapper.ClassPathMapperScanner]Creating MapperFactoryBean with name 'batchExeDefineMapper' and 'com.william.batch.dao.BatchExeDefineMapper' mapperInterface
[DEBUG][2016-09-27 15:35:19,380][org.mybatis.spring.mapper.ClassPathMapperScanner]Creating MapperFactoryBean with name 'batchJobDefineMapper' and 'com.william.batch.dao.BatchJobDefineMapper' mapperInterface
[DEBUG][2016-09-27 15:35:19,380][org.mybatis.spring.mapper.ClassPathMapperScanner]Creating MapperFactoryBean with name 'batchManageMapper' and 'com.william.batch.dao.BatchManageMapper' mapperInterface
[INFO][2016-09-27 15:35:19,401][org.springframework.context.support.PropertySourcesPlaceholderConfigurer]Loading properties file from file [F:\code\ssm-batch\ssm-batch\target\classes\properties\activemq.properties]
[INFO][2016-09-27 15:35:19,402][org.springframework.context.support.PropertySourcesPlaceholderConfigurer]Loading properties file from file [F:\code\ssm-batch\ssm-batch\target\classes\properties\db.properties]
[INFO][2016-09-27 15:35:19,403][org.springframework.context.support.PropertySourcesPlaceholderConfigurer]Loading properties file from file [F:\code\ssm-batch\ssm-batch\target\classes\properties\product.properties]
[INFO][2016-09-27 15:35:19,404][org.springframework.context.support.PropertySourcesPlaceholderConfigurer]Loading properties file from file [F:\code\ssm-batch\ssm-batch\target\classes\properties\resource.properties]
[DEBUG][2016-09-27 15:35:19,698][org.mybatis.spring.SqlSessionFactoryBean]Property 'configLocation' not specified, using default MyBatis Configuration
[DEBUG][2016-09-27 15:35:20,044][org.mybatis.spring.SqlSessionFactoryBean]Parsed mapper file: 'file [F:\code\ssm-batch\ssm-batch\target\classes\com\william\batch\mapping\BatchExeDefineMapper.xml]'
[DEBUG][2016-09-27 15:35:20,113][org.mybatis.spring.SqlSessionFactoryBean]Parsed mapper file: 'file [F:\code\ssm-batch\ssm-batch\target\classes\com\william\batch\mapping\BatchJobDefineMapper.xml]'
[DEBUG][2016-09-27 15:35:20,214][org.mybatis.spring.SqlSessionFactoryBean]Parsed mapper file: 'file [F:\code\ssm-batch\ssm-batch\target\classes\com\william\batch\mapping\BatchManageMapper.xml]'
[INFO][2016-09-27 15:35:20,880][com.alibaba.druid.pool.DruidDataSource]{dataSource-1} inited
[DEBUG][2016-09-27 15:35:21,457][org.mybatis.spring.SqlSessionUtils]Creating a new SqlSession
[DEBUG][2016-09-27 15:35:21,469][org.mybatis.spring.SqlSessionUtils]Registering transaction synchronization for SqlSession [org.apache.ibatis.session.defaults.DefaultSqlSession@1a01e33]
[DEBUG][2016-09-27 15:35:21,489][org.mybatis.spring.transaction.SpringManagedTransaction]JDBC Connection [oracle.jdbc.driver.T4CConnection@1e0be0d] will be managed by Spring
[DEBUG][2016-09-27 15:35:21,913][org.mybatis.spring.SqlSessionUtils]Releasing transactional SqlSession [org.apache.ibatis.session.defaults.DefaultSqlSession@1a01e33]
[DEBUG][2016-09-27 15:35:21,914][org.mybatis.spring.SqlSessionUtils]Transaction synchronization committing SqlSession [org.apache.ibatis.session.defaults.DefaultSqlSession@1a01e33]
[DEBUG][2016-09-27 15:35:21,914][org.mybatis.spring.SqlSessionUtils]Transaction synchronization deregistering SqlSession [org.apache.ibatis.session.defaults.DefaultSqlSession@1a01e33]
[DEBUG][2016-09-27 15:35:21,914][org.mybatis.spring.SqlSessionUtils]Transaction synchronization closing SqlSession [org.apache.ibatis.session.defaults.DefaultSqlSession@1a01e33]
[INFO][2016-09-27 15:35:21,916][batch.TestSQL]批处理first
[INFO][2016-09-27 15:35:21,922][org.springframework.context.support.GenericApplicationContext]Closing org.springframework.context.support.GenericApplicationContext@315e08: startup date [Tue Sep 27 15:35:19 CST 2016]; root of context hierarchy
[INFO][2016-09-27 15:35:21,933][com.alibaba.druid.pool.DruidDataSource]{dataSource-1} closed
